<?xml version="1.0" encoding="UTF-8"?>
<!-- Generated by org.testng.reporters.JUnitXMLReporter -->
<testsuite ignored="0" hostname="LAPTOP-IHNEA3MF" failures="1" tests="1" name="Default test(failed)" time="0.383" errors="0" timestamp="2023-04-27T08:49:50 PDT">
  <testcase classname="com.acti.base.DriverScript" name="initApplication" time="0.032">
    <failure type="java.lang.NullPointerException">
      <![CDATA[java.lang.NullPointerException
at com.acti.base.DriverScript.initApplication(DriverScript.java:41)
at java.base/java.util.ArrayList.forEach(ArrayList.java:1541)
... Removed 27 stack frames]]>
    </failure>
  </testcase> <!-- initApplication -->
</testsuite> <!-- Default test(failed) -->
