<?xml version="1.0" encoding="UTF-8"?>
<testng-results ignored="0" total="2" passed="2" failed="0" skipped="0">
  <reporter-output>
  </reporter-output>
  <suite started-at="2023-05-02T13:50:32 PDT" name="Default suite" finished-at="2023-05-02T13:51:40 PDT" duration-ms="68102">
    <groups>
    </groups>
    <test started-at="2023-05-02T13:50:32 PDT" name="Default test" finished-at="2023-05-02T13:51:40 PDT" duration-ms="68102">
      <class name="com.acti.testcase.TaskPageTest">
        <test-method is-config="true" signature="reportSetup()[pri:0, instance:com.acti.testcase.TaskPageTest@32f5ecc4]" started-at="2023-05-02T13:50:31 PDT" name="reportSetup" finished-at="2023-05-02T13:50:32 PDT" duration-ms="760" status="PASS">
          <reporter-output>
          </reporter-output>
        </test-method> <!-- reportSetup -->
        <test-method is-config="true" signature="preTest()[pri:0, instance:com.acti.testcase.TaskPageTest@32f5ecc4]" started-at="2023-05-02T13:50:32 PDT" name="preTest" finished-at="2023-05-02T13:50:50 PDT" duration-ms="17915" status="PASS">
          <reporter-output>
          </reporter-output>
        </test-method> <!-- preTest -->
        <test-method signature="testCreatCustomer()[pri:1, instance:com.acti.testcase.TaskPageTest@32f5ecc4]" started-at="2023-05-02T13:50:50 PDT" name="testCreatCustomer" finished-at="2023-05-02T13:51:03 PDT" duration-ms="13195" status="PASS">
          <reporter-output>
          </reporter-output>
        </test-method> <!-- testCreatCustomer -->
        <test-method is-config="true" signature="tearDown()[pri:0, instance:com.acti.testcase.TaskPageTest@32f5ecc4]" started-at="2023-05-02T13:51:03 PDT" name="tearDown" finished-at="2023-05-02T13:51:07 PDT" duration-ms="3575" status="PASS">
          <reporter-output>
          </reporter-output>
        </test-method> <!-- tearDown -->
        <test-method is-config="true" signature="preTest()[pri:0, instance:com.acti.testcase.TaskPageTest@32f5ecc4]" started-at="2023-05-02T13:51:07 PDT" name="preTest" finished-at="2023-05-02T13:51:17 PDT" duration-ms="9883" status="PASS">
          <reporter-output>
          </reporter-output>
        </test-method> <!-- preTest -->
        <test-method signature="testDeleteCustomer()[pri:2, instance:com.acti.testcase.TaskPageTest@32f5ecc4]" started-at="2023-05-02T13:51:17 PDT" name="testDeleteCustomer" finished-at="2023-05-02T13:51:37 PDT" duration-ms="20204" status="PASS">
          <reporter-output>
          </reporter-output>
        </test-method> <!-- testDeleteCustomer -->
        <test-method is-config="true" signature="tearDown()[pri:0, instance:com.acti.testcase.TaskPageTest@32f5ecc4]" started-at="2023-05-02T13:51:37 PDT" name="tearDown" finished-at="2023-05-02T13:51:40 PDT" duration-ms="3113" status="PASS">
          <reporter-output>
          </reporter-output>
        </test-method> <!-- tearDown -->
      </class> <!-- com.acti.testcase.TaskPageTest -->
    </test> <!-- Default test -->
  </suite> <!-- Default suite -->
</testng-results>
