<?xml version="1.0" encoding="UTF-8"?>
<testng-results ignored="0" total="1" passed="1" failed="0" skipped="0">
  <reporter-output>
  </reporter-output>
  <suite started-at="2023-04-30T13:20:44 PDT" name="Default suite" finished-at="2023-04-30T13:21:01 PDT" duration-ms="16671">
    <groups>
    </groups>
    <test started-at="2023-04-30T13:20:44 PDT" name="Default test" finished-at="2023-04-30T13:21:01 PDT" duration-ms="16671">
      <class name="com.acti.testcase.LoginPageTest">
        <test-method signature="initApplication()[pri:0, instance:com.acti.testcase.LoginPageTest@783a467b]" started-at="2023-04-30T13:20:45 PDT" name="initApplication" finished-at="2023-04-30T13:21:01 PDT" duration-ms="16451" status="PASS">
          <reporter-output>
          </reporter-output>
        </test-method> <!-- initApplication -->
      </class> <!-- com.acti.testcase.LoginPageTest -->
    </test> <!-- Default test -->
  </suite> <!-- Default suite -->
</testng-results>
